<?xml version="1.0" encoding="UTF-8"?>
<testng-results ignored="0" total="1" passed="1" failed="0" skipped="0">
  <reporter-output>
  </reporter-output>
  <suite started-at="2023-10-09T18:52:19 EDT" name="Suite" finished-at="2023-10-09T18:52:22 EDT" duration-ms="3303">
    <groups>
    </groups>
    <test started-at="2023-10-09T18:52:19 EDT" name="Test" finished-at="2023-10-09T18:52:22 EDT" duration-ms="3303">
      <class name="TestMavenPro.TestMAven.Test1">
        <test-method signature="TestMaven()[pri:0, instance:TestMavenPro.TestMAven.Test1@7fc229ab]" started-at="2023-10-09T18:52:19 EDT" name="TestMaven" finished-at="2023-10-09T18:52:22 EDT" duration-ms="3272" status="PASS">
          <reporter-output>
          </reporter-output>
        </test-method> <!-- TestMaven -->
      </class> <!-- TestMavenPro.TestMAven.Test1 -->
    </test> <!-- Test -->
  </suite> <!-- Suite -->
</testng-results>
